Arguments: 
  /Users/grim/.nvm/versions/node/v10.4.0/bin/node /usr/local/Cellar/yarn/1.17.0/libexec/bin/yarn.js

PATH: 
  /Users/grim/.rvm/gems/ruby-2.3.1/bin:/Users/grim/.rvm/gems/ruby-2.3.1@global/bin:/Users/grim/.rvm/rubies/ruby-2.3.1/bin:/Users/grim/.nvm/versions/node/v10.4.0/bin:/usr/local/opt/mysql-client/bin:/usr/local/bin:/usr/bin:/bin:/usr/sbin:/sbin:/usr/local/go/bin:/opt/X11/bin:/Applications/Wireshark.app/Contents/MacOS:/Users/grim/projects/flutter/bin:/Users/grim/.rvm/bin

Yarn version: 
  1.17.0

Node version: 
  10.4.0

Platform: 
  darwin x64

Trace: 
  Error: getaddrinfo ENOTFOUND registry.yarnpkg.com registry.yarnpkg.com:443
      at GetAddrInfoReqWrap.onlookup [as oncomplete] (dns.js:50:26)

npm manifest: 
  {
    "name": "multitab-logout",
    "version": "1.0.0",
    "description": "Utility tool that logs out from all tabs if logged out from any one tab",
    "main": "main/index.js",
    "scripts": {
      "test": "mocha test/**/*.spec.js --require ignore-styles --require @babel/polyfill --require @babel/register --recursive",
      "build": "npx babel src --out-dir dist",
      "start": "npx babel src --watch --out-dir dist"
    },
    "repository": {
      "type": "git",
      "url": "git+https://github.com/sbimochan/multitab-logout.git"
    },
    "keywords": [
      "logout",
      "broadcast",
      "multi-tab"
    ],
    "author": "Bimochan Shrestha",
    "license": "MIT",
    "bugs": {
      "url": "https://github.com/sbimochan/multitab-logout/issues"
    },
    "homepage": "https://github.com/sbimochan/multitab-logout#readme",
    "dependencies": {
      "broadcast-channel": "^2.1.12"
    },
    "devDependencies": {
      "babel-cli": "^6.26.0"
    }
  }

yarn manifest: 
  No manifest

Lockfile: 
  # THIS IS AN AUTOGENERATED FILE. DO NOT EDIT THIS FILE DIRECTLY.
  # yarn lockfile v1
  
  
  "@babel/runtime@7.1.5":
    version "7.1.5"
    resolved "https://registry.yarnpkg.com/@babel/runtime/-/runtime-7.1.5.tgz#4170907641cf1f61508f563ece3725150cc6fe39"
    integrity sha512-xKnPpXG/pvK1B90JkwwxSGii90rQGKtzcMt2gI5G6+M0REXaq6rOHsGC2ay6/d0Uje7zzvSzjEzfR3ENhFlrfA==
    dependencies:
      regenerator-runtime "^0.12.0"
  
  "@babel/runtime@7.4.3":
    version "7.4.3"
    resolved "https://registry.yarnpkg.com/@babel/runtime/-/runtime-7.4.3.tgz#79888e452034223ad9609187a0ad1fe0d2ad4bdc"
    integrity sha512-9lsJwJLxDh/T3Q3SZszfWOTkk3pHbkmH+3KY+zwIDmsNlxsumuhS2TH3NIpktU4kNvfzy+k3eLT7aTJSPTo0OA==
    dependencies:
      regenerator-runtime "^0.13.2"
  
  balanced-match@^1.0.0:
    version "1.0.0"
    resolved "https://registry.yarnpkg.com/balanced-match/-/balanced-match-1.0.0.tgz#89b4d199ab2bee49de164ea02b89ce462d71b767"
    integrity sha1-ibTRmasr7kneFk6gK4nORi1xt2c=
  
  big-integer@^1.6.16:
    version "1.6.44"
    resolved "https://registry.yarnpkg.com/big-integer/-/big-integer-1.6.44.tgz#4ee9ae5f5839fc11ade338fea216b4513454a539"
    integrity sha512-7MzElZPTyJ2fNvBkPxtFQ2fWIkVmuzw41+BZHSzpEq3ymB2MfeKp1+yXl/tS75xCx+WnyV+yb0kp+K1C3UNwmQ==
  
  brace-expansion@^1.1.7:
    version "1.1.11"
    resolved "https://registry.yarnpkg.com/brace-expansion/-/brace-expansion-1.1.11.tgz#3c7fcbf529d87226f3d2f52b966ff5271eb441dd"
    integrity sha512-iCuPHDFgrHX7H2vEI/5xpz07zSHB00TpugqhmYtVmMO6518mCuRMoOYFldEBl0g187ufozdaHgWKcYFb61qGiA==
    dependencies:
      balanced-match "^1.0.0"
      concat-map "0.0.1"
  
  broadcast-channel@^2.1.12:
    version "2.1.12"
    resolved "https://registry.yarnpkg.com/broadcast-channel/-/broadcast-channel-2.1.12.tgz#d8e5c260912bac2c88ac090e853c917f0e9b1370"
    integrity sha512-U0b7c3Nwru3a8nDRt9R2OYXhX8GfmcEeaCwBZyIly7CIS3de4eXcl+DO6jgN6ux4Ly2eeBoBGKVneS60Cpfnjw==
    dependencies:
      "@babel/runtime" "7.4.3"
      detect-node "2.0.4"
      js-sha3 "0.8.0"
      microseconds "0.1.0"
      nano-time "1.0.0"
      rimraf "2.6.3"
      unload "2.1.0"
  
  concat-map@0.0.1:
    version "0.0.1"
    resolved "https://registry.yarnpkg.com/concat-map/-/concat-map-0.0.1.tgz#d8a96bd77fd68df7793a73036a3ba0d5405d477b"
    integrity sha1-2Klr13/Wjfd5OnMDajug1UBdR3s=
  
  detect-node@2.0.4:
    version "2.0.4"
    resolved "https://registry.yarnpkg.com/detect-node/-/detect-node-2.0.4.tgz#014ee8f8f669c5c58023da64b8179c083a28c46c"
    integrity sha512-ZIzRpLJrOj7jjP2miAtgqIfmzbxa4ZOr5jJc601zklsfEx9oTzmmj2nVpIPRpNlRTIh8lc1kyViIY7BWSGNmKw==
  
  fs.realpath@^1.0.0:
    version "1.0.0"
    resolved "https://registry.yarnpkg.com/fs.realpath/-/fs.realpath-1.0.0.tgz#1504ad2523158caa40db4a2787cb01411994ea4f"
    integrity sha1-FQStJSMVjKpA20onh8sBQRmU6k8=
  
  glob@^7.1.3:
    version "7.1.4"
    resolved "https://registry.yarnpkg.com/glob/-/glob-7.1.4.tgz#aa608a2f6c577ad357e1ae5a5c26d9a8d1969255"
    integrity sha512-hkLPepehmnKk41pUGm3sYxoFs/umurYfYJCerbXEyFIWcAzvpipAgVkBqqT9RBKMGjnq6kMuyYwha6csxbiM1A==
    dependencies:
      fs.realpath "^1.0.0"
      inflight "^1.0.4"
      inherits "2"
      minimatch "^3.0.4"
      once "^1.3.0"
      path-is-absolute "^1.0.0"
  
  inflight@^1.0.4:
    version "1.0.6"
    resolved "https://registry.yarnpkg.com/inflight/-/inflight-1.0.6.tgz#49bd6331d7d02d0c09bc910a1075ba8165b56df9"
    integrity sha1-Sb1jMdfQLQwJvJEKEHW6gWW1bfk=
    dependencies:
      once "^1.3.0"
      wrappy "1"
  
  inherits@2:
    version "2.0.4"
    resolved "https://registry.yarnpkg.com/inherits/-/inherits-2.0.4.tgz#0fa2c64f932917c3433a0ded55363aae37416b7c"
    integrity sha512-k/vGaX4/Yla3WzyMCvTQOXYeIHvqOKtnqBduzTHpzpQZzAskKMhZ2K+EnBiSM9zGSoIFeMpXKxa4dYeZIQqewQ==
  
  js-sha3@0.8.0:
    version "0.8.0"
    resolved "https://registry.yarnpkg.com/js-sha3/-/js-sha3-0.8.0.tgz#b9b7a5da73afad7dedd0f8c463954cbde6818840"
    integrity sha512-gF1cRrHhIzNfToc802P800N8PpXS+evLLXfsVpowqmAFR9uwbi89WvXg2QspOmXL8QL86J4T1EpFu+yUkwJY3Q==
  
  microseconds@0.1.0:
    version "0.1.0"
    resolved "https://registry.yarnpkg.com/microseconds/-/microseconds-0.1.0.tgz#47dc7bcf62171b8030e2152fd82f12a6894a7119"
    integrity sha1-R9x7z2IXG4Aw4hUv2C8SpolKcRk=
  
  minimatch@^3.0.4:
    version "3.0.4"
    resolved "https://registry.yarnpkg.com/minimatch/-/minimatch-3.0.4.tgz#5166e286457f03306064be5497e8dbb0c3d32083"
    integrity sha512-yJHVQEhyqPLUTgt9B83PXu6W3rx4MvvHvSUvToogpwoGDOUQ+yDrR0HRot+yOCdCO7u4hX3pWft6kWBBcqh0UA==
    dependencies:
      brace-expansion "^1.1.7"
  
  nano-time@1.0.0:
    version "1.0.0"
    resolved "https://registry.yarnpkg.com/nano-time/-/nano-time-1.0.0.tgz#b0554f69ad89e22d0907f7a12b0993a5d96137ef"
    integrity sha1-sFVPaa2J4i0JB/ehKwmTpdlhN+8=
    dependencies:
      big-integer "^1.6.16"
  
  once@^1.3.0:
    version "1.4.0"
    resolved "https://registry.yarnpkg.com/once/-/once-1.4.0.tgz#583b1aa775961d4b113ac17d9c50baef9dd76bd1"
    integrity sha1-WDsap3WWHUsROsF9nFC6753Xa9E=
    dependencies:
      wrappy "1"
  
  path-is-absolute@^1.0.0:
    version "1.0.1"
    resolved "https://registry.yarnpkg.com/path-is-absolute/-/path-is-absolute-1.0.1.tgz#174b9268735534ffbc7ace6bf53a5a9e1b5c5f5f"
    integrity sha1-F0uSaHNVNP+8es5r9TpanhtcX18=
  
  regenerator-runtime@^0.12.0:
    version "0.12.1"
    resolved "https://registry.yarnpkg.com/regenerator-runtime/-/regenerator-runtime-0.12.1.tgz#fa1a71544764c036f8c49b13a08b2594c9f8a0de"
    integrity sha512-odxIc1/vDlo4iZcfXqRYFj0vpXFNoGdKMAUieAlFYO6m/nl5e9KR/beGf41z4a1FI+aQgtjhuaSlDxQ0hmkrHg==
  
  regenerator-runtime@^0.13.2:
    version "0.13.3"
    resolved "https://registry.yarnpkg.com/regenerator-runtime/-/regenerator-runtime-0.13.3.tgz#7cf6a77d8f5c6f60eb73c5fc1955b2ceb01e6bf5"
    integrity sha512-naKIZz2GQ8JWh///G7L3X6LaQUAMp2lvb1rvwwsURe/VXwD6VMfr+/1NuNw3ag8v2kY1aQ/go5SNn79O9JU7yw==
  
  rimraf@2.6.3:
    version "2.6.3"
    resolved "https://registry.yarnpkg.com/rimraf/-/rimraf-2.6.3.tgz#b2d104fe0d8fb27cf9e0a1cda8262dd3833c6cab"
    integrity sha512-mwqeW5XsA2qAejG46gYdENaxXjx9onRNCfn7L0duuP4hCuTIi/QO7PDK07KJfp1d+izWPrzEJDcSqBa0OZQriA==
    dependencies:
      glob "^7.1.3"
  
  unload@2.1.0:
    version "2.1.0"
    resolved "https://registry.yarnpkg.com/unload/-/unload-2.1.0.tgz#24e620607fdf1642de9533e4675682b28bdf8394"
    integrity sha512-vOg/orTFrHv60iWLZbBpgrgoFaSovkcgQJUmBHNGFWlSFdwtoANZaT3uSePVhggkWSsPxs2rpBl5LHpmcSGjRw==
    dependencies:
      "@babel/runtime" "7.1.5"
      detect-node "2.0.4"
  
  wrappy@1:
    version "1.0.2"
    resolved "https://registry.yarnpkg.com/wrappy/-/wrappy-1.0.2.tgz#b5243d8f3ec1aa35f1364605bc0d1036e30ab69f"
    integrity sha1-tSQ9jz7BqjXxNkYFvA0QNuMKtp8=
